COMPILING KERNEL/START.s...
COMPILING KERNEL/MAIN.c...
COMPILING KERNEL/COMMAND.c...
COMPILING HARDWARE/8042/8042.c...
COMPILING HARDWARE/8042/KEYBOARD.c...
COMPILING HARDWARE/8042/MOUSE.c...
COMPILING HARDWARE/BIOS.c...
COMPILING HARDWARE/CMOS.c...
COMPILING HARDWARE/DMA.c...
COMPILING HARDWARE/FDC.c...
COMPILING HARDWARE/IDE.c...
COMPILING HARDWARE/LPT.c...
COMPILING HARDWARE/PCI.c...
COMPILING HARDWARE/RS232.c...
COMPILING HARDWARE/TIMER.c...
COMPILING LIB/MATH.c...
COMPILING LIB/STDIO.c...
COMPILING LIB/STRING.c...
COMPILING SYSTEM/API/API.c...
COMPILING SYSTEM/API/THREADMAN.c...
COMPILING SYSTEM/CPU/8259.c...
COMPILING SYSTEM/CPU/DISASM.c...
COMPILING SYSTEM/CPU/GDT.c...
COMPILING SYSTEM/CPU/IDT.c...
COMPILING SYSTEM/CPU/INT.c...
SYSTEM/CPU/INT.c: In function ‘install_INT’:
SYSTEM/CPU/INT.c:21:16: warning: ISO C forbids assignment between function pointer and ‘void *’ [-Wpedantic]
     INTs[intn] = handler;
                ^
SYSTEM/CPU/INT.c: In function ‘INT_HANDLER’:
SYSTEM/CPU/INT.c:34:6: warning: ISO C forbids assignment between function pointer and ‘void *’ [-Wpedantic]
  INT = INTs[r->int_no];
      ^
COMPILING SYSTEM/CPU/IRQ.c...
SYSTEM/CPU/IRQ.c: In function ‘install_IR’:
SYSTEM/CPU/IRQ.c:20:14: warning: ISO C forbids assignment between function pointer and ‘void *’ [-Wpedantic]
     IRs[irq] = handler;
              ^
SYSTEM/CPU/IRQ.c: In function ‘IRQ_HANDLER’:
SYSTEM/CPU/IRQ.c:61:8: warning: ISO C forbids assignment between function pointer and ‘void *’ [-Wpedantic]
     IR = IRs[r->int_no - 32];
        ^
COMPILING SYSTEM/CPU/ISR.c...
SYSTEM/CPU/ISR.c: In function ‘install_ISR’:
SYSTEM/CPU/ISR.c:23:15: warning: ISO C forbids assignment between function pointer and ‘void *’ [-Wpedantic]
     ISRs[isr] = handler;
               ^
SYSTEM/CPU/ISR.c: In function ‘ISR_HANDLER’:
SYSTEM/CPU/ISR.c:115:6: warning: ISO C forbids assignment between function pointer and ‘void *’ [-Wpedantic]
  ISR = ISRs[r->int_no];
      ^
COMPILING SYSTEM/CPU/TSS.c...
COMPILING SYSTEM/FS/FAT12.c...
COMPILING SYSTEM/FS/VFS.c...
COMPILING SYSTEM/MEM/PAGEFAULT.c...
COMPILING SYSTEM/MEM/PHYSICAL.c...
COMPILING SYSTEM/MEM/VIRTUAL.c...
LINKING KERNEL.ELF...
